# JRE version: OpenJDK Runtime Environment Microsoft-11933218 (21.0.8+9) (build 21.0.8+9-LTS)
# Java VM: OpenJDK 64-Bit Server VM Microsoft-11933218 (21.0.8+9-LTS, mixed mode, sharing, tiered, compressed oops, compressed class ptrs, g1 gc, windows-amd64)
GC Precious Log:
 CardTable entry size: 512
 Card Set container configuration: InlinePtr #cards 4 size 8 Array Of Cards #cards 16 size 48 Howl #buckets 8 coarsen threshold 3686 Howl Bitmap #cards 512 size 80 coarsen threshold 460 Card regions per heap region 1 cards per card region 4096
 CPUs: 12 total, 12 available
 Memory: 16108M
 Large Page Support: Disabled
 NUMA Support: Disabled
 Compressed Oops: Enabled (Zero based)
 Heap Region Size: 2M
 Heap Min Capacity: 8M
 Heap Initial Capacity: 252M
 Heap Max Capacity: 4028M
 Pre-touch: Disabled
 Parallel Workers: 10
 Concurrent Workers: 3
 Concurrent Refinement Workers: 10
 Periodic GC: Disabled
Heap:
 garbage-first heap   total 208896K, used 100072K [0x0000000704400000, 0x0000000800000000)
  region size 2048K, 20 young (40960K), 4 survivors (8192K)
 Metaspace       used 25147K, committed 25664K, reserved 1114112K
  class space    used 3428K, committed 3648K, reserved 1048576K
GC Heap History (8 events):
Event: 1.027 GC heap before
{Heap before GC invocations=0 (full 0):
 garbage-first heap   total 258048K, used 22528K [0x0000000704400000, 0x0000000800000000)
  region size 2048K, 11 young (22528K), 0 survivors (0K)
 Metaspace       used 3348K, committed 3520K, reserved 1114112K
  class space    used 353K, committed 448K, reserved 1048576K
}
Event: 1.034 GC heap after
{Heap after GC invocations=1 (full 0):
 garbage-first heap   total 258048K, used 2847K [0x0000000704400000, 0x0000000800000000)
  region size 2048K, 2 young (4096K), 2 survivors (4096K)
 Metaspace       used 3348K, committed 3520K, reserved 1114112K
  class space    used 353K, committed 448K, reserved 1048576K
}
Event: 2.151 GC heap before
{Heap before GC invocations=1 (full 0):
 garbage-first heap   total 258048K, used 39711K [0x0000000704400000, 0x0000000800000000)
  region size 2048K, 20 young (40960K), 2 survivors (4096K)
 Metaspace       used 9499K, committed 9664K, reserved 1114112K
  class space    used 1200K, committed 1280K, reserved 1048576K
}
Event: 2.159 GC heap after
{Heap after GC invocations=2 (full 0):
 garbage-first heap   total 258048K, used 7574K [0x0000000704400000, 0x0000000800000000)
  region size 2048K, 3 young (6144K), 3 survivors (6144K)
 Metaspace       used 9499K, committed 9664K, reserved 1114112K
  class space    used 1200K, committed 1280K, reserved 1048576K
}
Event: 14.090 GC heap before
{Heap before GC invocations=2 (full 0):
 garbage-first heap   total 258048K, used 97686K [0x0000000704400000, 0x0000000800000000)
  region size 2048K, 27 young (55296K), 3 survivors (6144K)
 Metaspace       used 21146K, committed 21504K, reserved 1114112K
  class space    used 3077K, committed 3264K, reserved 1048576K
}
Event: 14.103 GC heap after
{Heap after GC invocations=3 (full 0):
 garbage-first heap   total 258048K, used 54872K [0x0000000704400000, 0x0000000800000000)
  region size 2048K, 6 young (12288K), 6 survivors (12288K)
 Metaspace       used 21146K, committed 21504K, reserved 1114112K
  class space    used 3077K, committed 3264K, reserved 1048576K
}
Event: 33.356 GC heap before
{Heap before GC invocations=4 (full 0):
 garbage-first heap   total 192512K, used 187992K [0x0000000704400000, 0x0000000800000000)
  region size 2048K, 42 young (86016K), 6 survivors (12288K)
 Metaspace       used 24929K, committed 25408K, reserved 1114112K
  class space    used 3420K, committed 3648K, reserved 1048576K
}
Event: 33.376 GC heap after
{Heap after GC invocations=5 (full 0):
 garbage-first heap   total 208896K, used 69352K [0x0000000704400000, 0x0000000800000000)
  region size 2048K, 4 young (8192K), 4 survivors (8192K)
 Metaspace       used 24929K, committed 25408K, reserved 1114112K
  class space    used 3420K, committed 3648K, reserved 1048576K
}

