# JRE version: OpenJDK Runtime Environment Microsoft-11933218 (21.0.8+9) (build 21.0.8+9-LTS)
# Java VM: OpenJDK 64-Bit Server VM Microsoft-11933218 (21.0.8+9-LTS, mixed mode, sharing, tiered, compressed oops, compressed class ptrs, g1 gc, windows-amd64)
GC Precious Log:
 CardTable entry size: 512
 Card Set container configuration: InlinePtr #cards 4 size 8 Array Of Cards #cards 16 size 48 Howl #buckets 8 coarsen threshold 3686 Howl Bitmap #cards 512 size 80 coarsen threshold 460 Card regions per heap region 1 cards per card region 4096
 CPUs: 12 total, 12 available
 Memory: 16108M
 Large Page Support: Disabled
 NUMA Support: Disabled
 Compressed Oops: Enabled (Zero based)
 Heap Region Size: 2M
 Heap Min Capacity: 8M
 Heap Initial Capacity: 252M
 Heap Max Capacity: 4028M
 Pre-touch: Disabled
 Parallel Workers: 10
 Concurrent Workers: 3
 Concurrent Refinement Workers: 10
 Periodic GC: Disabled
Heap:
 garbage-first heap   total 94208K, used 34288K [0x0000000704400000, 0x0000000800000000)
  region size 2048K, 3 young (6144K), 1 survivors (2048K)
 Metaspace       used 25785K, committed 26240K, reserved 1114112K
  class space    used 3584K, committed 3776K, reserved 1048576K
GC Heap History (16 events):
Event: 1.052 GC heap before
{Heap before GC invocations=0 (full 0):
 garbage-first heap   total 258048K, used 22528K [0x0000000704400000, 0x0000000800000000)
  region size 2048K, 11 young (22528K), 0 survivors (0K)
 Metaspace       used 3370K, committed 3520K, reserved 1114112K
  class space    used 354K, committed 448K, reserved 1048576K
}
Event: 1.058 GC heap after
{Heap after GC invocations=1 (full 0):
 garbage-first heap   total 258048K, used 2973K [0x0000000704400000, 0x0000000800000000)
  region size 2048K, 2 young (4096K), 2 survivors (4096K)
 Metaspace       used 3370K, committed 3520K, reserved 1114112K
  class space    used 354K, committed 448K, reserved 1048576K
}
Event: 2.121 GC heap before
{Heap before GC invocations=1 (full 0):
 garbage-first heap   total 258048K, used 37789K [0x0000000704400000, 0x0000000800000000)
  region size 2048K, 20 young (40960K), 2 survivors (4096K)
 Metaspace       used 9542K, committed 9792K, reserved 1114112K
  class space    used 1208K, committed 1344K, reserved 1048576K
}
Event: 2.133 GC heap after
{Heap after GC invocations=2 (full 0):
 garbage-first heap   total 258048K, used 7487K [0x0000000704400000, 0x0000000800000000)
  region size 2048K, 3 young (6144K), 3 survivors (6144K)
 Metaspace       used 9542K, committed 9792K, reserved 1114112K
  class space    used 1208K, committed 1344K, reserved 1048576K
}
Event: 40.306 GC heap before
{Heap before GC invocations=2 (full 0):
 garbage-first heap   total 258048K, used 64831K [0x0000000704400000, 0x0000000800000000)
  region size 2048K, 32 young (65536K), 3 survivors (6144K)
 Metaspace       used 21147K, committed 21504K, reserved 1114112K
  class space    used 3082K, committed 3264K, reserved 1048576K
}
Event: 40.323 GC heap after
{Heap after GC invocations=3 (full 0):
 garbage-first heap   total 258048K, used 14152K [0x0000000704400000, 0x0000000800000000)
  region size 2048K, 6 young (12288K), 6 survivors (12288K)
 Metaspace       used 21147K, committed 21504K, reserved 1114112K
  class space    used 3082K, committed 3264K, reserved 1048576K
}
Event: 41.665 GC heap before
{Heap before GC invocations=4 (full 0):
 garbage-first heap   total 63488K, used 61256K [0x0000000704400000, 0x0000000800000000)
  region size 2048K, 9 young (18432K), 6 survivors (12288K)
 Metaspace       used 22594K, committed 22976K, reserved 1114112K
  class space    used 3239K, committed 3392K, reserved 1048576K
}
Event: 41.681 GC heap after
{Heap after GC invocations=5 (full 0):
 garbage-first heap   total 77824K, used 53377K [0x0000000704400000, 0x0000000800000000)
  region size 2048K, 3 young (6144K), 3 survivors (6144K)
 Metaspace       used 22594K, committed 22976K, reserved 1114112K
  class space    used 3239K, committed 3392K, reserved 1048576K
}
Event: 43.461 GC heap before
{Heap before GC invocations=5 (full 0):
 garbage-first heap   total 77824K, used 61569K [0x0000000704400000, 0x0000000800000000)
  region size 2048K, 7 young (14336K), 3 survivors (6144K)
 Metaspace       used 23968K, committed 24384K, reserved 1114112K
  class space    used 3371K, committed 3584K, reserved 1048576K
}
Event: 43.470 GC heap after
{Heap after GC invocations=6 (full 0):
 garbage-first heap   total 77824K, used 30117K [0x0000000704400000, 0x0000000800000000)
  region size 2048K, 1 young (2048K), 1 survivors (2048K)
 Metaspace       used 23968K, committed 24384K, reserved 1114112K
  class space    used 3371K, committed 3584K, reserved 1048576K
}
Event: 44.594 GC heap before
{Heap before GC invocations=6 (full 0):
 garbage-first heap   total 77824K, used 36261K [0x0000000704400000, 0x0000000800000000)
  region size 2048K, 3 young (6144K), 1 survivors (2048K)
 Metaspace       used 24917K, committed 25280K, reserved 1114112K
  class space    used 3459K, committed 3648K, reserved 1048576K
}
Event: 44.599 GC heap after
{Heap after GC invocations=7 (full 0):
 garbage-first heap   total 77824K, used 35811K [0x0000000704400000, 0x0000000800000000)
  region size 2048K, 1 young (2048K), 1 survivors (2048K)
 Metaspace       used 24917K, committed 25280K, reserved 1114112K
  class space    used 3459K, committed 3648K, reserved 1048576K
}
Event: 44.764 GC heap before
{Heap before GC invocations=7 (full 0):
 garbage-first heap   total 77824K, used 72675K [0x0000000704400000, 0x0000000800000000)
  region size 2048K, 16 young (32768K), 1 survivors (2048K)
 Metaspace       used 25534K, committed 25920K, reserved 1114112K
  class space    used 3558K, committed 3712K, reserved 1048576K
}
Event: 44.769 GC heap after
{Heap after GC invocations=8 (full 0):
 garbage-first heap   total 77824K, used 40162K [0x0000000704400000, 0x0000000800000000)
  region size 2048K, 1 young (2048K), 1 survivors (2048K)
 Metaspace       used 25534K, committed 25920K, reserved 1114112K
  class space    used 3558K, committed 3712K, reserved 1048576K
}
Event: 45.158 GC heap before
{Heap before GC invocations=8 (full 0):
 garbage-first heap   total 77824K, used 44258K [0x0000000704400000, 0x0000000800000000)
  region size 2048K, 4 young (8192K), 1 survivors (2048K)
 Metaspace       used 25735K, committed 26112K, reserved 1114112K
  class space    used 3581K, committed 3776K, reserved 1048576K
}
Event: 45.169 GC heap after
{Heap after GC invocations=9 (full 0):
 garbage-first heap   total 94208K, used 28144K [0x0000000704400000, 0x0000000800000000)
  region size 2048K, 1 young (2048K), 1 survivors (2048K)
 Metaspace       used 25735K, committed 26112K, reserved 1114112K
  class space    used 3581K, committed 3776K, reserved 1048576K
}

